<?xml version="1.0" encoding="UTF-8"?>
<!-- Generated by org.testng.reporters.JUnitXMLReporter -->
<testsuite ignored="1" hostname="MSI" failures="0" tests="4" name="Default test" time="0.074" errors="0" timestamp="2023-11-02T00:15:29 IST">
  <testcase classname="testClasses.testClassPractice" name="teste" time="0.009"/>
  <testcase classname="testClasses.testClassPractice" name="testA" time="0.001"/>
  <testcase classname="testClasses.testClassPractice" name="testB" time="0.001"/>
  <testcase classname="testClasses.testClassPractice" name="testC" time="0.002"/>
  <testcase classname="testClasses.testClassPractice" name="testD" time="0.0">
    <ignored/>
  </testcase> <!-- testD -->
</testsuite> <!-- Default test -->
