<?xml version="1.0" encoding="UTF-8"?>
<testng-results ignored="0" total="4" passed="4" failed="0" skipped="0">
  <reporter-output>
  </reporter-output>
  <suite started-at="2023-11-02T00:15:29 IST" name="Default suite" finished-at="2023-11-02T00:15:29 IST" duration-ms="74">
    <groups>
    </groups>
    <test started-at="2023-11-02T00:15:29 IST" name="Default test" finished-at="2023-11-02T00:15:29 IST" duration-ms="74">
      <class name="testClasses.testClassPractice">
        <test-method is-config="true" signature="beforeClass()[pri:0, instance:testClasses.testClassPractice@223191a6]" started-at="2023-11-02T00:15:29 IST" name="beforeClass" finished-at="2023-11-02T00:15:29 IST" duration-ms="7" status="PASS">
          <reporter-output>
          </reporter-output>
        </test-method> <!-- beforeClass -->
        <test-method is-config="true" signature="beforeMethod()[pri:0, instance:testClasses.testClassPractice@223191a6]" started-at="2023-11-02T00:15:29 IST" name="beforeMethod" finished-at="2023-11-02T00:15:29 IST" duration-ms="1" status="PASS">
          <reporter-output>
          </reporter-output>
        </test-method> <!-- beforeMethod -->
        <test-method signature="teste()[pri:0, instance:testClasses.testClassPractice@223191a6]" started-at="2023-11-02T00:15:29 IST" name="teste" finished-at="2023-11-02T00:15:29 IST" duration-ms="9" status="PASS">
          <reporter-output>
          </reporter-output>
        </test-method> <!-- teste -->
        <test-method is-config="true" signature="afterMethod()[pri:0, instance:testClasses.testClassPractice@223191a6]" started-at="2023-11-02T00:15:29 IST" name="afterMethod" finished-at="2023-11-02T00:15:29 IST" duration-ms="0" status="PASS">
          <reporter-output>
          </reporter-output>
        </test-method> <!-- afterMethod -->
        <test-method is-config="true" signature="beforeMethod()[pri:0, instance:testClasses.testClassPractice@223191a6]" started-at="2023-11-02T00:15:29 IST" name="beforeMethod" finished-at="2023-11-02T00:15:29 IST" duration-ms="0" status="PASS">
          <reporter-output>
          </reporter-output>
        </test-method> <!-- beforeMethod -->
        <test-method signature="testA()[pri:1, instance:testClasses.testClassPractice@223191a6]" started-at="2023-11-02T00:15:29 IST" name="testA" finished-at="2023-11-02T00:15:29 IST" duration-ms="1" status="PASS">
          <reporter-output>
          </reporter-output>
        </test-method> <!-- testA -->
        <test-method is-config="true" signature="afterMethod()[pri:0, instance:testClasses.testClassPractice@223191a6]" started-at="2023-11-02T00:15:29 IST" name="afterMethod" finished-at="2023-11-02T00:15:29 IST" duration-ms="0" status="PASS">
          <reporter-output>
          </reporter-output>
        </test-method> <!-- afterMethod -->
        <test-method signature="testB()[pri:2, instance:testClasses.testClassPractice@223191a6]" started-at="2023-11-02T00:15:29 IST" name="testB" finished-at="2023-11-02T00:15:29 IST" duration-ms="1" status="PASS">
          <reporter-output>
          </reporter-output>
        </test-method> <!-- testB -->
        <test-method is-config="true" signature="beforeMethod()[pri:0, instance:testClasses.testClassPractice@223191a6]" started-at="2023-11-02T00:15:29 IST" name="beforeMethod" finished-at="2023-11-02T00:15:29 IST" duration-ms="0" status="PASS">
          <reporter-output>
          </reporter-output>
        </test-method> <!-- beforeMethod -->
        <test-method is-config="true" signature="afterMethod()[pri:0, instance:testClasses.testClassPractice@223191a6]" started-at="2023-11-02T00:15:29 IST" name="afterMethod" finished-at="2023-11-02T00:15:29 IST" duration-ms="0" status="PASS">
          <reporter-output>
          </reporter-output>
        </test-method> <!-- afterMethod -->
        <test-method signature="testC()[pri:0, instance:testClasses.testClassPractice@223191a6]" started-at="2023-11-02T00:15:29 IST" name="testC" finished-at="2023-11-02T00:15:29 IST" depends-on-methods="testClasses.testClassPractice.testB, testClasses.testClassPractice.testA" duration-ms="2" status="PASS">
          <reporter-output>
          </reporter-output>
        </test-method> <!-- testC -->
        <test-method is-config="true" signature="beforeMethod()[pri:0, instance:testClasses.testClassPractice@223191a6]" started-at="2023-11-02T00:15:29 IST" name="beforeMethod" finished-at="2023-11-02T00:15:29 IST" duration-ms="0" status="PASS">
          <reporter-output>
          </reporter-output>
        </test-method> <!-- beforeMethod -->
        <test-method is-config="true" signature="afterMethod()[pri:0, instance:testClasses.testClassPractice@223191a6]" started-at="2023-11-02T00:15:29 IST" name="afterMethod" finished-at="2023-11-02T00:15:29 IST" duration-ms="0" status="PASS">
          <reporter-output>
          </reporter-output>
        </test-method> <!-- afterMethod -->
        <test-method is-config="true" signature="afterClass()[pri:0, instance:testClasses.testClassPractice@223191a6]" started-at="2023-11-02T00:15:29 IST" name="afterClass" finished-at="2023-11-02T00:15:29 IST" duration-ms="1" status="PASS">
          <reporter-output>
          </reporter-output>
        </test-method> <!-- afterClass -->
      </class> <!-- testClasses.testClassPractice -->
    </test> <!-- Default test -->
  </suite> <!-- Default suite -->
</testng-results>
